[debug] [2017-10-29T20:08:18.927Z] ----------------------------------------------------------------------
[debug] [2017-10-29T20:08:18.931Z] Command:       C:\Program Files\nodejs\node.exe C:\Users\tklor\AppData\Roaming\npm\node_modules\firebase-tools\bin\firebase login --reauth
[debug] [2017-10-29T20:08:18.932Z] CLI Version:   3.13.1
[debug] [2017-10-29T20:08:18.932Z] Platform:      win32
[debug] [2017-10-29T20:08:18.932Z] Node Version:  v6.11.4
[debug] [2017-10-29T20:08:18.933Z] Time:          Sun Oct 29 2017 22:08:18 GMT+0200 (Jerusalem Standard Time)
[debug] [2017-10-29T20:08:18.934Z] ----------------------------------------------------------------------
[debug] 
[info] 
[info] Visit this URL on any device to log in:
[info] https://accounts.google.com/o/oauth2/auth?client_id=563584335869-fgrhgmd47bqnekij5i8b5pr03ho849e6.apps.googleusercontent.com&scope=email%20openid%20https%3A%2F%2Fwww.googleapis.com%2Fauth%2Fcloudplatformprojects.readonly%20https%3A%2F%2Fwww.googleapis.com%2Fauth%2Ffirebase%20https%3A%2F%2Fwww.googleapis.com%2Fauth%2Fcloud-platform&response_type=code&state=376655695&redirect_uri=http%3A%2F%2Flocalhost%3A9005
[info] 
[info] Waiting for authentication...
[debug] [2017-10-29T20:20:09.044Z] >>> HTTP REQUEST POST https://accounts.google.com/o/oauth2/token { code: '4/dza0tDqo96FnWVohtYJthEL_QQv2AIrVdbX1U43yRCE',
  client_id: '563584335869-fgrhgmd47bqnekij5i8b5pr03ho849e6.apps.googleusercontent.com',
  client_secret: 'j9iVZfS8kkCEFUPaAeJV0sAi',
  redirect_uri: 'http://localhost:9005',
  grant_type: 'authorization_code' } 
 Sun Oct 29 2017 22:20:09 GMT+0200 (Jerusalem Standard Time)
[debug] [2017-10-29T20:20:30.238Z] Token Fetch Error: Error
    at Error.FirebaseError (C:\Users\tklor\AppData\Roaming\npm\node_modules\firebase-tools\lib\error.js:11:17)
    at Request._callback (C:\Users\tklor\AppData\Roaming\npm\node_modules\firebase-tools\lib\api.js:32:23)
    at self.callback (C:\Users\tklor\AppData\Roaming\npm\node_modules\firebase-tools\node_modules\request\request.js:186:22)
    at emitOne (events.js:96:13)
    at Request.emit (events.js:188:7)
    at Request.onRequestError (C:\Users\tklor\AppData\Roaming\npm\node_modules\firebase-tools\node_modules\request\request.js:878:8)
    at emitOne (events.js:96:13)
    at ClientRequest.emit (events.js:188:7)
    at TLSSocket.socketErrorListener (_http_client.js:310:9)
    at emitOne (events.js:96:13)
[debug] [2017-10-29T20:20:45.886Z] >>> HTTP REQUEST POST https://accounts.google.com/o/oauth2/token { code: '4/dza0tDqo96FnWVohtYJthEL_QQv2AIrVdbX1U43yRCE',
  client_id: '563584335869-fgrhgmd47bqnekij5i8b5pr03ho849e6.apps.googleusercontent.com',
  client_secret: 'j9iVZfS8kkCEFUPaAeJV0sAi',
  redirect_uri: 'http://localhost:9005',
  grant_type: 'authorization_code' } 
 Sun Oct 29 2017 22:20:45 GMT+0200 (Jerusalem Standard Time)
[debug] [2017-10-29T20:20:46.034Z] Token Fetch Error: Error
    at Error.FirebaseError (C:\Users\tklor\AppData\Roaming\npm\node_modules\firebase-tools\lib\error.js:11:17)
    at Request._callback (C:\Users\tklor\AppData\Roaming\npm\node_modules\firebase-tools\lib\api.js:32:23)
    at self.callback (C:\Users\tklor\AppData\Roaming\npm\node_modules\firebase-tools\node_modules\request\request.js:186:22)
    at emitOne (events.js:96:13)
    at Request.emit (events.js:188:7)
    at Request.onRequestError (C:\Users\tklor\AppData\Roaming\npm\node_modules\firebase-tools\node_modules\request\request.js:878:8)
    at emitOne (events.js:96:13)
    at ClientRequest.emit (events.js:188:7)
    at TLSSocket.socketErrorListener (_http_client.js:310:9)
    at emitOne (events.js:96:13)
[debug] [2017-10-29T20:20:47.079Z] >>> HTTP REQUEST POST https://accounts.google.com/o/oauth2/token { code: '4/dza0tDqo96FnWVohtYJthEL_QQv2AIrVdbX1U43yRCE',
  client_id: '563584335869-fgrhgmd47bqnekij5i8b5pr03ho849e6.apps.googleusercontent.com',
  client_secret: 'j9iVZfS8kkCEFUPaAeJV0sAi',
  redirect_uri: 'http://localhost:9005',
  grant_type: 'authorization_code' } 
 Sun Oct 29 2017 22:20:47 GMT+0200 (Jerusalem Standard Time)
[debug] [2017-10-29T20:20:47.233Z] Token Fetch Error: Error
    at Error.FirebaseError (C:\Users\tklor\AppData\Roaming\npm\node_modules\firebase-tools\lib\error.js:11:17)
    at Request._callback (C:\Users\tklor\AppData\Roaming\npm\node_modules\firebase-tools\lib\api.js:32:23)
    at self.callback (C:\Users\tklor\AppData\Roaming\npm\node_modules\firebase-tools\node_modules\request\request.js:186:22)
    at emitOne (events.js:96:13)
    at Request.emit (events.js:188:7)
    at Request.onRequestError (C:\Users\tklor\AppData\Roaming\npm\node_modules\firebase-tools\node_modules\request\request.js:878:8)
    at emitOne (events.js:96:13)
    at ClientRequest.emit (events.js:188:7)
    at TLSSocket.socketErrorListener (_http_client.js:310:9)
    at emitOne (events.js:96:13)
[debug] [2017-10-29T20:20:48.123Z] >>> HTTP REQUEST POST https://accounts.google.com/o/oauth2/token { code: '4/dza0tDqo96FnWVohtYJthEL_QQv2AIrVdbX1U43yRCE',
  client_id: '563584335869-fgrhgmd47bqnekij5i8b5pr03ho849e6.apps.googleusercontent.com',
  client_secret: 'j9iVZfS8kkCEFUPaAeJV0sAi',
  redirect_uri: 'http://localhost:9005',
  grant_type: 'authorization_code' } 
 Sun Oct 29 2017 22:20:48 GMT+0200 (Jerusalem Standard Time)
[debug] [2017-10-29T20:20:48.252Z] Token Fetch Error: Error
    at Error.FirebaseError (C:\Users\tklor\AppData\Roaming\npm\node_modules\firebase-tools\lib\error.js:11:17)
    at Request._callback (C:\Users\tklor\AppData\Roaming\npm\node_modules\firebase-tools\lib\api.js:32:23)
    at self.callback (C:\Users\tklor\AppData\Roaming\npm\node_modules\firebase-tools\node_modules\request\request.js:186:22)
    at emitOne (events.js:96:13)
    at Request.emit (events.js:188:7)
    at Request.onRequestError (C:\Users\tklor\AppData\Roaming\npm\node_modules\firebase-tools\node_modules\request\request.js:878:8)
    at emitOne (events.js:96:13)
    at ClientRequest.emit (events.js:188:7)
    at TLSSocket.socketErrorListener (_http_client.js:310:9)
    at emitOne (events.js:96:13)
[debug] [2017-10-29T20:20:49.159Z] >>> HTTP REQUEST POST https://accounts.google.com/o/oauth2/token { code: '4/dza0tDqo96FnWVohtYJthEL_QQv2AIrVdbX1U43yRCE',
  client_id: '563584335869-fgrhgmd47bqnekij5i8b5pr03ho849e6.apps.googleusercontent.com',
  client_secret: 'j9iVZfS8kkCEFUPaAeJV0sAi',
  redirect_uri: 'http://localhost:9005',
  grant_type: 'authorization_code' } 
 Sun Oct 29 2017 22:20:49 GMT+0200 (Jerusalem Standard Time)
[debug] [2017-10-29T20:20:49.284Z] Token Fetch Error: Error
    at Error.FirebaseError (C:\Users\tklor\AppData\Roaming\npm\node_modules\firebase-tools\lib\error.js:11:17)
    at Request._callback (C:\Users\tklor\AppData\Roaming\npm\node_modules\firebase-tools\lib\api.js:32:23)
    at self.callback (C:\Users\tklor\AppData\Roaming\npm\node_modules\firebase-tools\node_modules\request\request.js:186:22)
    at emitOne (events.js:96:13)
    at Request.emit (events.js:188:7)
    at Request.onRequestError (C:\Users\tklor\AppData\Roaming\npm\node_modules\firebase-tools\node_modules\request\request.js:878:8)
    at emitOne (events.js:96:13)
    at ClientRequest.emit (events.js:188:7)
    at TLSSocket.socketErrorListener (_http_client.js:310:9)
    at emitOne (events.js:96:13)
